<?xml version="1.0" encoding="UTF-8"?>
<testng-results ignored="0" total="2" passed="2" failed="0" skipped="0">
  <reporter-output>
  </reporter-output>
  <suite started-at="2023-06-26T20:21:12 IST" name="Default suite" finished-at="2023-06-26T20:21:27 IST" duration-ms="15126">
    <groups>
    </groups>
    <test started-at="2023-06-26T20:21:12 IST" name="Default test" finished-at="2023-06-26T20:21:27 IST" duration-ms="15126">
      <class name="appium.Scroll_flipkart">
        <test-method signature="AppLaunch()[pri:1, instance:appium.Scroll_flipkart@1b11171f]" started-at="2023-06-26T20:21:12 IST" name="AppLaunch" finished-at="2023-06-26T20:21:23 IST" duration-ms="10337" status="PASS">
          <reporter-output>
          </reporter-output>
        </test-method> <!-- AppLaunch -->
        <test-method signature="scrollMethod()[pri:2, instance:appium.Scroll_flipkart@1b11171f]" started-at="2023-06-26T20:21:23 IST" name="scrollMethod" finished-at="2023-06-26T20:21:27 IST" duration-ms="4701" status="PASS">
          <reporter-output>
          </reporter-output>
        </test-method> <!-- scrollMethod -->
      </class> <!-- appium.Scroll_flipkart -->
    </test> <!-- Default test -->
  </suite> <!-- Default suite -->
</testng-results>
